1623972721457	geckodriver	INFO	Listening on 127.0.0.1:50737
1623972721465	mozrunner::runner	INFO	Running command: "/usr/bin/firefox" "--marionette" " --headless" "-foreground" "-no-remote" "-profile" "/tmp/rust_mozprofileLQy5H3"
1623972723609	Marionette	INFO	Marionette enabled
console.warn: SearchSettings: "get: No settings file exists, new profile?" (new Error("", "(unknown module)"))
1623972726959	Marionette	INFO	Listening on port 45103
1623972727005	Marionette	WARN	TLS certificate errors will be ignored for this session
1623972734848	Marionette	INFO	Stopped listening on port 45103
JavaScript error: resource://gre/modules/UrlClassifierListManager.jsm, line 691: TypeError: this.tablesData[table] is undefined
JavaScript error: https://cdn.appdynamics.com/adrum/adrum-latest.js, line 156: NS_ERROR_NOT_INITIALIZED: 
1623972748356	geckodriver	INFO	Listening on 127.0.0.1:51547
1623972748362	mozrunner::runner	INFO	Running command: "/usr/bin/firefox" "--marionette" " --headless" "-foreground" "-no-remote" "-profile" "/tmp/rust_mozprofileYF5Rwi"
1623972750137	Marionette	INFO	Marionette enabled
console.warn: SearchSettings: "get: No settings file exists, new profile?" (new Error("", "(unknown module)"))
1623972753896	Marionette	INFO	Listening on port 36201
1623972754006	Marionette	WARN	TLS certificate errors will be ignored for this session
1623972769131	Marionette	INFO	Stopped listening on port 36201
1623972792220	geckodriver	INFO	Listening on 127.0.0.1:49891
1623972792227	mozrunner::runner	INFO	Running command: "/usr/bin/firefox" "--marionette" " --headless" "-foreground" "-no-remote" "-profile" "/tmp/rust_mozprofileH2xf4K"
1623972794119	Marionette	INFO	Marionette enabled
console.warn: SearchSettings: "get: No settings file exists, new profile?" (new Error("", "(unknown module)"))
1623972797409	Marionette	INFO	Listening on port 35601
1623972797464	Marionette	WARN	TLS certificate errors will be ignored for this session
1623972812228	Marionette	INFO	Stopped listening on port 35601
1623972824385	geckodriver	INFO	Listening on 127.0.0.1:33503
1623972824391	mozrunner::runner	INFO	Running command: "/usr/bin/firefox" "--marionette" " --headless" "-foreground" "-no-remote" "-profile" "/tmp/rust_mozprofileY5fyzA"
1623972826304	Marionette	INFO	Marionette enabled
console.warn: SearchSettings: "get: No settings file exists, new profile?" (new Error("", "(unknown module)"))
1623972829598	Marionette	INFO	Listening on port 46769
1623972829625	Marionette	WARN	TLS certificate errors will be ignored for this session
1623972846359	Marionette	INFO	Stopped listening on port 46769
1623973137189	geckodriver	INFO	Listening on 127.0.0.1:56689
1623973137196	mozrunner::runner	INFO	Running command: "/usr/bin/firefox" "--marionette" "-headless" "-foreground" "-no-remote" "-profile" "/tmp/rust_mozprofileIkVKw8"
*** You are running in headless mode.
1623973138980	Marionette	INFO	Marionette enabled

(/usr/lib/firefox/firefox:18182): GLib-GObject-CRITICAL **: 17:38:59.504: g_object_set: assertion 'G_IS_OBJECT (object)' failed

(/usr/lib/firefox/firefox:18198): GLib-GObject-CRITICAL **: 17:38:59.631: g_object_set: assertion 'G_IS_OBJECT (object)' failed
console.warn: SearchSettings: "get: No settings file exists, new profile?" (new Error("", "(unknown module)"))
1623973142198	Marionette	INFO	Listening on port 36711
1623973142240	Marionette	WARN	TLS certificate errors will be ignored for this session

(/usr/lib/firefox/firefox:18261): GLib-GObject-CRITICAL **: 17:39:02.260: g_object_set: assertion 'G_IS_OBJECT (object)' failed
JavaScript warning: https://d3rzy2hoo29vi.cloudfront.net/assets/js/at_v1.js, line 6: WebGL warning: <Create>: Can't use WebGL in headless mode (https://bugzil.la/1375585).
JavaScript warning: https://d3rzy2hoo29vi.cloudfront.net/assets/js/at_v1.js, line 6: Failed to create WebGL context: WebGL creation failed: 
* Can't use WebGL in headless mode (https://bugzil.la/1375585).
JavaScript warning: https://d3rzy2hoo29vi.cloudfront.net/assets/js/at_v1.js, line 6: WebGL warning: <Create>: Can't use WebGL in headless mode (https://bugzil.la/1375585).
JavaScript warning: https://d3rzy2hoo29vi.cloudfront.net/assets/js/at_v1.js, line 6: Failed to create WebGL context: WebGL creation failed: 
* Can't use WebGL in headless mode (https://bugzil.la/1375585).
1623973159124	Marionette	INFO	Stopped listening on port 36711
1623973171660	geckodriver	INFO	Listening on 127.0.0.1:47393
1623973171668	mozrunner::runner	INFO	Running command: "/usr/bin/firefox" "--marionette" "-headless" "-foreground" "-no-remote" "-profile" "/tmp/rust_mozprofilecGloeK"
*** You are running in headless mode.
1623973173327	Marionette	INFO	Marionette enabled

(/usr/lib/firefox/firefox:18402): GLib-GObject-CRITICAL **: 17:39:33.783: g_object_set: assertion 'G_IS_OBJECT (object)' failed

(/usr/lib/firefox/firefox:18418): GLib-GObject-CRITICAL **: 17:39:33.882: g_object_set: assertion 'G_IS_OBJECT (object)' failed
console.warn: SearchSettings: "get: No settings file exists, new profile?" (new Error("", "(unknown module)"))
1623973176425	Marionette	INFO	Listening on port 35067

(/usr/lib/firefox/firefox:18488): GLib-GObject-CRITICAL **: 17:39:36.475: g_object_set: assertion 'G_IS_OBJECT (object)' failed
1623973176501	Marionette	WARN	TLS certificate errors will be ignored for this session
JavaScript warning: https://d3rzy2hoo29vi.cloudfront.net/assets/js/at_v1.js, line 6: WebGL warning: <Create>: Can't use WebGL in headless mode (https://bugzil.la/1375585).
JavaScript warning: https://d3rzy2hoo29vi.cloudfront.net/assets/js/at_v1.js, line 6: Failed to create WebGL context: WebGL creation failed: 
* Can't use WebGL in headless mode (https://bugzil.la/1375585).
JavaScript warning: https://d3rzy2hoo29vi.cloudfront.net/assets/js/at_v1.js, line 6: WebGL warning: <Create>: Can't use WebGL in headless mode (https://bugzil.la/1375585).
JavaScript warning: https://d3rzy2hoo29vi.cloudfront.net/assets/js/at_v1.js, line 6: Failed to create WebGL context: WebGL creation failed: 
* Can't use WebGL in headless mode (https://bugzil.la/1375585).
1623973184235	Marionette	INFO	Stopped listening on port 35067
